[0.00000] [Error] MySQL database name can contain only Latin characters, numbers, and underscores
[0.00000] [Notice] Could not connect to database
[0.00055] [Error] MySQL settings are not valid
[0.00000] [Notice] Could not connect to database
[0.00020] [Error] MySQL settings are not valid
[0.00000] [Notice] Could not connect to database
[0.00023] [Error] MySQL settings are not valid
[0.00000] [Notice] Could not connect to database
[0.00024] [Error] MySQL settings are not valid
[0.00000] [Notice] Could not connect to database
[0.00024] [Error] MySQL settings are not valid
[0.00000] [Notice] Could not connect to database
[0.00022] [Error] MySQL settings are not valid
[0.00001] [Notice] Could not connect to database
[0.00021] [Error] MySQL settings are not valid
[0.00000] [Notice] Could not connect to database
[0.00023] [Error] MySQL settings are not valid
[0.00000] [Notice] Could not connect to database
[0.00019] [Error] MySQL settings are not valid
[0.00000] [Notice] Could not connect to database
[0.00035] [Error] MySQL settings are not valid
[0.00000] [Notice] Could not connect to database
[0.00027] [Error] MySQL settings are not valid
[0.00000] [Notice] Could not connect to database
[0.00022] [Error] MySQL settings are not valid
[0.00000] [Notice] Could not connect to database
[0.00025] [Error] MySQL settings are not valid
[0.00000] [Notice] Creating database scheme
[1.99768] [Notice] Importing data
[2.48037] [Notice] Installing additional language en
